2023-09-28 13:17:49,389 INFO [main] org.springframework.boot.StartupInfoLogger: Starting CloudStorageApplication using Java 11.0.9 on DESKTOP-M3SJL48 with PID 21516 (D:\Java Homework\8_Diplom\cloudStorage\target\classes started by Александр in D:\Java Homework\8_Diplom\cloudStorage)
2023-09-28 13:17:49,391 INFO [background-preinit] org.hibernate.validator.internal.util.Version: HV000001: Hibernate Validator 6.2.5.Final
2023-09-28 13:17:49,393 DEBUG [main] org.springframework.boot.StartupInfoLogger: Running with Spring Boot v2.7.16, Spring v5.3.30
2023-09-28 13:17:49,393 INFO [main] org.springframework.boot.SpringApplication: No active profile set, falling back to 1 default profile: "default"
2023-09-28 13:17:50,409 INFO [main] org.springframework.data.repository.config.RepositoryConfigurationDelegate: Multiple Spring Data modules found, entering strict repository configuration mode
2023-09-28 13:17:50,410 INFO [main] org.springframework.data.repository.config.RepositoryConfigurationDelegate: Bootstrapping Spring Data JDBC repositories in DEFAULT mode.
2023-09-28 13:17:50,437 INFO [main] org.springframework.data.repository.config.RepositoryConfigurationExtensionSupport: Spring Data JDBC - Could not safely identify store assignment for repository candidate interface ru.netology.cloudStorage.repository.FileRepository; If you want this repository to be a JDBC repository, consider annotating your entities with one of these annotations: org.springframework.data.relational.core.mapping.Table.
2023-09-28 13:17:50,439 INFO [main] org.springframework.data.repository.config.RepositoryConfigurationExtensionSupport: Spring Data JDBC - Could not safely identify store assignment for repository candidate interface ru.netology.cloudStorage.repository.UserRepository; If you want this repository to be a JDBC repository, consider annotating your entities with one of these annotations: org.springframework.data.relational.core.mapping.Table.
2023-09-28 13:17:50,440 INFO [main] org.springframework.data.repository.config.RepositoryConfigurationDelegate: Finished Spring Data repository scanning in 25 ms. Found 0 JDBC repository interfaces.
2023-09-28 13:17:50,447 INFO [main] org.springframework.data.repository.config.RepositoryConfigurationDelegate: Multiple Spring Data modules found, entering strict repository configuration mode
2023-09-28 13:17:50,447 INFO [main] org.springframework.data.repository.config.RepositoryConfigurationDelegate: Bootstrapping Spring Data JPA repositories in DEFAULT mode.
2023-09-28 13:17:50,477 INFO [main] org.springframework.data.repository.config.RepositoryConfigurationDelegate: Finished Spring Data repository scanning in 26 ms. Found 2 JPA repository interfaces.
2023-09-28 13:17:50,984 INFO [main] org.springframework.boot.web.embedded.tomcat.TomcatWebServer: Tomcat initialized with port(s): 8081 (http)
2023-09-28 13:17:50,991 INFO [main] org.apache.juli.logging.DirectJDKLog: Initializing ProtocolHandler ["http-nio-8081"]
2023-09-28 13:17:50,992 INFO [main] org.apache.juli.logging.DirectJDKLog: Starting service [Tomcat]
2023-09-28 13:17:50,993 INFO [main] org.apache.juli.logging.DirectJDKLog: Starting Servlet engine: [Apache Tomcat/9.0.80]
2023-09-28 13:17:51,129 INFO [main] org.apache.juli.logging.DirectJDKLog: Initializing Spring embedded WebApplicationContext
2023-09-28 13:17:51,129 INFO [main] org.springframework.boot.web.servlet.context.ServletWebServerApplicationContext: Root WebApplicationContext: initialization completed in 1693 ms
2023-09-28 13:17:51,182 DEBUG [main] org.springframework.web.filter.GenericFilterBean: Filter 'jwtFilter' configured for use
2023-09-28 13:17:51,277 INFO [main] org.hibernate.jpa.internal.util.LogHelper: HHH000204: Processing PersistenceUnitInfo [name: default]
2023-09-28 13:17:51,315 INFO [main] org.hibernate.Version: HHH000412: Hibernate ORM core version 5.6.15.Final
2023-09-28 13:17:51,426 INFO [main] org.hibernate.annotations.common.reflection.java.JavaReflectionManager: HCANN000001: Hibernate Commons Annotations {5.1.2.Final}
2023-09-28 13:17:51,505 INFO [main] com.zaxxer.hikari.HikariDataSource: HikariPool-1 - Starting...
2023-09-28 13:17:51,753 INFO [main] com.zaxxer.hikari.HikariDataSource: HikariPool-1 - Start completed.
2023-09-28 13:17:51,785 INFO [main] org.hibernate.dialect.Dialect: HHH000400: Using dialect: org.hibernate.dialect.PostgreSQLDialect
2023-09-28 13:17:52,776 INFO [main] org.hibernate.engine.transaction.jta.platform.internal.JtaPlatformInitiator: HHH000490: Using JtaPlatform implementation: [org.hibernate.engine.transaction.jta.platform.internal.NoJtaPlatform]
2023-09-28 13:17:52,785 INFO [main] org.springframework.orm.jpa.AbstractEntityManagerFactoryBean: Initialized JPA EntityManagerFactory for persistence unit 'default'
2023-09-28 13:17:53,208 WARN [main] org.springframework.boot.autoconfigure.security.servlet.UserDetailsServiceAutoConfiguration: 

Using generated security password: a562e50a-4baa-42b9-9203-f51371aaae97

This generated password is for development use only. Your security configuration must be updated before running your application in production.

2023-09-28 13:17:53,360 WARN [main] org.springframework.boot.autoconfigure.orm.jpa.JpaBaseConfiguration$JpaWebConfiguration: spring.jpa.open-in-view is enabled by default. Therefore, database queries may be performed during view rendering. Explicitly configure spring.jpa.open-in-view to disable this warning
2023-09-28 13:17:53,662 INFO [main] org.springframework.security.web.DefaultSecurityFilterChain: Will secure any request with [org.springframework.security.web.session.DisableEncodeUrlFilter@43b74979, org.springframework.security.web.context.request.async.WebAsyncManagerIntegrationFilter@659ac28c, org.springframework.security.web.context.SecurityContextPersistenceFilter@1a5a4f8, org.springframework.security.web.header.HeaderWriterFilter@4902c584, org.springframework.web.filter.CorsFilter@60688a97, org.springframework.security.web.authentication.logout.LogoutFilter@5c46a957, ru.netology.cloudStorage.security.JwtFilter@67bb4dcd, org.springframework.security.web.savedrequest.RequestCacheAwareFilter@174f0d06, org.springframework.security.web.servletapi.SecurityContextHolderAwareRequestFilter@5cc87de4, org.springframework.security.web.authentication.AnonymousAuthenticationFilter@242ebd3b, org.springframework.security.web.session.SessionManagementFilter@1a390b8c, org.springframework.security.web.access.ExceptionTranslationFilter@337fb1a5, org.springframework.security.web.access.intercept.FilterSecurityInterceptor@7254a68a]
2023-09-28 13:17:54,042 INFO [main] org.apache.juli.logging.DirectJDKLog: Starting ProtocolHandler ["http-nio-8081"]
2023-09-28 13:17:54,065 INFO [main] org.springframework.boot.web.embedded.tomcat.TomcatWebServer: Tomcat started on port(s): 8081 (http) with context path ''
2023-09-28 13:17:54,077 INFO [main] org.springframework.boot.StartupInfoLogger: Started CloudStorageApplication in 5.154 seconds (JVM running for 6.853)
2023-09-28 13:18:02,699 INFO [SpringApplicationShutdownHook] org.springframework.orm.jpa.AbstractEntityManagerFactoryBean: Closing JPA EntityManagerFactory for persistence unit 'default'
2023-09-28 13:18:02,702 INFO [SpringApplicationShutdownHook] com.zaxxer.hikari.HikariDataSource: HikariPool-1 - Shutdown initiated...
2023-09-28 13:18:02,713 INFO [SpringApplicationShutdownHook] com.zaxxer.hikari.HikariDataSource: HikariPool-1 - Shutdown completed.
